<?xml version="1.0" encoding="UTF-8"?>
<testsuite name="pl.edu.pjwstk.jaz.average.AverageControllerTest" tests="3" skipped="0" failures="0" errors="0" timestamp="2020-11-06T11:53:27" hostname="DESKTOP-7T328TF" time="1.693">
  <properties/>
  <testcase name="should_show_no_arguments" classname="pl.edu.pjwstk.jaz.average.AverageControllerTest" time="1.632"/>
  <testcase name="shouldCalculateAverageInt" classname="pl.edu.pjwstk.jaz.average.AverageControllerTest" time="0.032"/>
  <testcase name="shouldCalculateAverage" classname="pl.edu.pjwstk.jaz.average.AverageControllerTest" time="0.027"/>
  <system-out><![CDATA[12:52:57.934 [Test worker] DEBUG org.springframework.test.context.junit4.SpringJUnit4ClassRunner - SpringJUnit4ClassRunner constructor called with [class pl.edu.pjwstk.jaz.average.AverageControllerTest]
12:52:57.951 [Test worker] DEBUG org.springframework.test.context.BootstrapUtils - Instantiating CacheAwareContextLoaderDelegate from class [org.springframework.test.context.cache.DefaultCacheAwareContextLoaderDelegate]
12:52:57.964 [Test worker] DEBUG org.springframework.test.context.BootstrapUtils - Instantiating BootstrapContext using constructor [public org.springframework.test.context.support.DefaultBootstrapContext(java.lang.Class,org.springframework.test.context.CacheAwareContextLoaderDelegate)]
12:52:58.035 [Test worker] DEBUG org.springframework.test.context.BootstrapUtils - Instantiating TestContextBootstrapper for test class [pl.edu.pjwstk.jaz.average.AverageControllerTest] from class [org.springframework.boot.test.context.SpringBootTestContextBootstrapper]
12:52:58.063 [Test worker] INFO org.springframework.boot.test.context.SpringBootTestContextBootstrapper - Neither @ContextConfiguration nor @ContextHierarchy found for test class [pl.edu.pjwstk.jaz.average.AverageControllerTest], using SpringBootContextLoader
12:52:58.070 [Test worker] DEBUG org.springframework.test.context.support.AbstractContextLoader - Did not detect default resource location for test class [pl.edu.pjwstk.jaz.average.AverageControllerTest]: class path resource [pl/edu/pjwstk/jaz/average/AverageControllerTest-context.xml] does not exist
12:52:58.072 [Test worker] DEBUG org.springframework.test.context.support.AbstractContextLoader - Did not detect default resource location for test class [pl.edu.pjwstk.jaz.average.AverageControllerTest]: class path resource [pl/edu/pjwstk/jaz/average/AverageControllerTestContext.groovy] does not exist
12:52:58.073 [Test worker] INFO org.springframework.test.context.support.AbstractContextLoader - Could not detect default resource locations for test class [pl.edu.pjwstk.jaz.average.AverageControllerTest]: no resource found for suffixes {-context.xml, Context.groovy}.
12:52:58.074 [Test worker] INFO org.springframework.test.context.support.AnnotationConfigContextLoaderUtils - Could not detect default configuration classes for test class [pl.edu.pjwstk.jaz.average.AverageControllerTest]: AverageControllerTest does not declare any static, non-private, non-final, nested classes annotated with @Configuration.
12:52:58.309 [Test worker] DEBUG org.springframework.context.annotation.ClassPathScanningCandidateComponentProvider - Identified candidate component class: file [C:\Users\Przemek\IdeaProjects\java-jaz\app\build\classes\java\main\pl\edu\pjwstk\jaz\App.class]
12:52:58.319 [Test worker] INFO org.springframework.boot.test.context.SpringBootTestContextBootstrapper - Found @SpringBootConfiguration pl.edu.pjwstk.jaz.App for test class pl.edu.pjwstk.jaz.average.AverageControllerTest
12:52:58.508 [Test worker] DEBUG org.springframework.boot.test.context.SpringBootTestContextBootstrapper - Merging default listeners with listeners configured via @TestExecutionListeners for class [pl.edu.pjwstk.jaz.average.AverageControllerTest].
12:52:58.509 [Test worker] INFO org.springframework.boot.test.context.SpringBootTestContextBootstrapper - Loaded default TestExecutionListener class names from location [META-INF/spring.factories]: [org.springframework.boot.test.autoconfigure.restdocs.RestDocsTestExecutionListener, org.springframework.boot.test.autoconfigure.web.client.MockRestServiceServerResetTestExecutionListener, org.springframework.boot.test.autoconfigure.web.servlet.MockMvcPrintOnlyOnFailureTestExecutionListener, org.springframework.boot.test.autoconfigure.web.servlet.WebDriverTestExecutionListener, org.springframework.boot.test.autoconfigure.webservices.client.MockWebServiceServerTestExecutionListener, org.springframework.boot.test.mock.mockito.MockitoTestExecutionListener, org.springframework.boot.test.mock.mockito.ResetMocksTestExecutionListener, org.springframework.test.context.web.ServletTestExecutionListener, org.springframework.test.context.support.DirtiesContextBeforeModesTestExecutionListener, org.springframework.test.context.support.DependencyInjectionTestExecutionListener, org.springframework.test.context.support.DirtiesContextTestExecutionListener, org.springframework.test.context.transaction.TransactionalTestExecutionListener, org.springframework.test.context.jdbc.SqlScriptsTestExecutionListener, org.springframework.test.context.event.EventPublishingTestExecutionListener]
12:52:58.543 [Test worker] INFO org.springframework.boot.test.context.SpringBootTestContextBootstrapper - Using TestExecutionListeners: [org.springframework.test.context.web.ServletTestExecutionListener@65d0019, org.springframework.test.context.support.DirtiesContextBeforeModesTestExecutionListener@62f2fd84, org.springframework.boot.test.mock.mockito.MockitoTestExecutionListener@2daf3669, org.springframework.boot.test.autoconfigure.SpringBootDependencyInjectionTestExecutionListener@2fb2ee72, org.springframework.test.context.support.DirtiesContextTestExecutionListener@41817e55, org.springframework.test.context.transaction.TransactionalTestExecutionListener@346ab53c, org.springframework.test.context.jdbc.SqlScriptsTestExecutionListener@6022c1a6, org.springframework.test.context.event.EventPublishingTestExecutionListener@585b62ae, org.springframework.boot.test.autoconfigure.restdocs.RestDocsTestExecutionListener@1262cc26, org.springframework.boot.test.autoconfigure.web.client.MockRestServiceServerResetTestExecutionListener@73405803, org.springframework.boot.test.autoconfigure.web.servlet.MockMvcPrintOnlyOnFailureTestExecutionListener@599983c, org.springframework.boot.test.autoconfigure.web.servlet.WebDriverTestExecutionListener@654c433, org.springframework.boot.test.autoconfigure.webservices.client.MockWebServiceServerTestExecutionListener@2532b23, org.springframework.boot.test.mock.mockito.ResetMocksTestExecutionListener@7322fb2a, pl.edu.pjwstk.jaz.RestAssurePortListener@3ab3d50a, pl.edu.pjwstk.jaz.TestContextHolder@1ae6eb33]
12:52:58.547 [Test worker] DEBUG org.springframework.test.annotation.ProfileValueUtils - Retrieved @ProfileValueSourceConfiguration [null] for test class [pl.edu.pjwstk.jaz.average.AverageControllerTest]
12:52:58.548 [Test worker] DEBUG org.springframework.test.annotation.ProfileValueUtils - Retrieved ProfileValueSource type [class org.springframework.test.annotation.SystemProfileValueSource] for class [pl.edu.pjwstk.jaz.average.AverageControllerTest]
12:52:58.552 [Test worker] DEBUG org.springframework.test.annotation.ProfileValueUtils - Retrieved @ProfileValueSourceConfiguration [null] for test class [pl.edu.pjwstk.jaz.average.AverageControllerTest]
12:52:58.552 [Test worker] DEBUG org.springframework.test.annotation.ProfileValueUtils - Retrieved ProfileValueSource type [class org.springframework.test.annotation.SystemProfileValueSource] for class [pl.edu.pjwstk.jaz.average.AverageControllerTest]
12:52:58.553 [Test worker] DEBUG org.springframework.test.annotation.ProfileValueUtils - Retrieved @ProfileValueSourceConfiguration [null] for test class [pl.edu.pjwstk.jaz.average.AverageControllerTest]
12:52:58.554 [Test worker] DEBUG org.springframework.test.annotation.ProfileValueUtils - Retrieved ProfileValueSource type [class org.springframework.test.annotation.SystemProfileValueSource] for class [pl.edu.pjwstk.jaz.average.AverageControllerTest]
12:52:58.560 [Test worker] DEBUG org.springframework.test.context.support.AbstractDirtiesContextTestExecutionListener - Before test class: context [DefaultTestContext@ae5bbe3 testClass = AverageControllerTest, testInstance = [null], testMethod = [null], testException = [null], mergedContextConfiguration = [WebMergedContextConfiguration@74576b1f testClass = AverageControllerTest, locations = '{}', classes = '{class pl.edu.pjwstk.jaz.App}', contextInitializerClasses = '[]', activeProfiles = '{test, noSecurity}', propertySourceLocations = '{}', propertySourceProperties = '{org.springframework.boot.test.context.SpringBootTestContextBootstrapper=true, server.port=0}', contextCustomizers = set[org.springframework.boot.test.autoconfigure.properties.PropertyMappingContextCustomizer@0, org.springframework.boot.test.autoconfigure.web.servlet.WebDriverContextCustomizerFactory$Customizer@3173ec76, org.springframework.boot.test.context.filter.ExcludeFilterContextCustomizer@4ec9ca35, org.springframework.boot.test.json.DuplicateJsonObjectContextCustomizerFactory$DuplicateJsonObjectContextCustomizer@3bd29b1b, org.springframework.boot.test.mock.mockito.MockitoContextCustomizer@0, org.springframework.boot.test.web.client.TestRestTemplateContextCustomizer@37dbab97, org.springframework.boot.test.context.SpringBootTestArgs@1], resourceBasePath = 'src/main/webapp', contextLoader = 'org.springframework.boot.test.context.SpringBootContextLoader', parent = [null]], attributes = map['org.springframework.test.context.web.ServletTestExecutionListener.activateListener' -> false]], class annotated with @DirtiesContext [false] with mode [null].
12:52:58.591 [Test worker] DEBUG org.springframework.core.env.StandardEnvironment - Activating profiles [test, noSecurity]
12:52:58.597 [Test worker] DEBUG org.springframework.test.context.support.TestPropertySourceUtils - Adding inlined properties to environment: {spring.jmx.enabled=false, org.springframework.boot.test.context.SpringBootTestContextBootstrapper=true, server.port=0}

  .   ____          _            __ _ _
 /\\ / ___'_ __ _ _(_)_ __  __ _ \ \ \ \
( ( )\___ | '_ | '_| | '_ \/ _` | \ \ \ \
 \\/  ___)| |_)| | | | | || (_| |  ) ) ) )
  '  |____| .__|_| |_|_| |_\__, | / / / /
 =========|_|==============|___/=/_/_/_/
 :: Spring Boot ::        (v2.3.3.RELEASE)

2020-11-06 12:52:59.279  INFO 2960 --- [    Test worker] p.e.p.jaz.average.AverageControllerTest  : Starting AverageControllerTest on DESKTOP-7T328TF with PID 2960 (started by Przemek in C:\Users\Przemek\IdeaProjects\java-jaz\app)
2020-11-06 12:52:59.280  INFO 2960 --- [    Test worker] p.e.p.jaz.average.AverageControllerTest  : The following profiles are active: test,noSecurity
2020-11-06 12:53:00.571  INFO 2960 --- [    Test worker] .s.d.r.c.RepositoryConfigurationDelegate : Bootstrapping Spring Data JPA repositories in DEFERRED mode.
2020-11-06 12:53:00.614  INFO 2960 --- [    Test worker] .s.d.r.c.RepositoryConfigurationDelegate : Finished Spring Data repository scanning in 30ms. Found 0 JPA repository interfaces.
2020-11-06 12:53:01.793  INFO 2960 --- [    Test worker] o.s.b.w.embedded.tomcat.TomcatWebServer  : Tomcat initialized with port(s): 0 (http)
2020-11-06 12:53:01.815  INFO 2960 --- [    Test worker] o.apache.catalina.core.StandardService   : Starting service [Tomcat]
2020-11-06 12:53:01.815  INFO 2960 --- [    Test worker] org.apache.catalina.core.StandardEngine  : Starting Servlet engine: [Apache Tomcat/9.0.37]
2020-11-06 12:53:02.050  INFO 2960 --- [    Test worker] o.a.c.c.C.[Tomcat].[localhost].[/api]    : Initializing Spring embedded WebApplicationContext
2020-11-06 12:53:02.050  INFO 2960 --- [    Test worker] w.s.c.ServletWebServerApplicationContext : Root WebApplicationContext: initialization completed in 2421 ms
2020-11-06 12:53:02.377  INFO 2960 --- [    Test worker] com.zaxxer.hikari.HikariDataSource       : HikariPool-1 - Starting...
2020-11-06 12:53:18.327  INFO 2960 --- [    Test worker] .t.d.DockerMachineClientProviderStrategy : Found docker-machine, and will use machine named default
2020-11-06 12:53:18.865  INFO 2960 --- [    Test worker] .t.d.DockerMachineClientProviderStrategy : Docker daemon IP address for docker machine default is 192.168.99.101
2020-11-06 12:53:19.369  INFO 2960 --- [    Test worker] o.t.d.DockerClientProviderStrategy       : Found Docker environment with docker-machine
2020-11-06 12:53:19.566  INFO 2960 --- [    Test worker] org.testcontainers.DockerClientFactory   : Docker host IP address is 192.168.99.101
2020-11-06 12:53:19.595  INFO 2960 --- [    Test worker] org.testcontainers.DockerClientFactory   : Connected to docker: 
  Server Version: 19.03.12
  API Version: 1.40
  Operating System: Boot2Docker 19.03.12 (TCL 10.1)
  Total Memory: 985 MB
2020-11-06 12:53:19.626  WARN 2960 --- [    Test worker] o.t.utility.RegistryAuthLocator          : Failure when attempting to lookup auth config (dockerImageName: testcontainersofficial/ryuk:0.3.0, configFile: C:\Users\Przemek\.docker\config.json. Falling back to docker-java default behaviour. Exception message: C:\Users\Przemek\.docker\config.json (Nie można odnaleźć określonego pliku)
2020-11-06 12:53:20.141  INFO 2960 --- [    Test worker] org.testcontainers.DockerClientFactory   : Ryuk started - will monitor and terminate Testcontainers containers on JVM exit
2020-11-06 12:53:20.142  INFO 2960 --- [    Test worker] org.testcontainers.DockerClientFactory   : Checking the system...
2020-11-06 12:53:20.143  INFO 2960 --- [    Test worker] org.testcontainers.DockerClientFactory   : ?? Docker server version should be at least 1.6.0
2020-11-06 12:53:20.236  INFO 2960 --- [    Test worker] org.testcontainers.DockerClientFactory   : ?? Docker environment should have more than 2GB free disk space
2020-11-06 12:53:20.297  INFO 2960 --- [    Test worker] docker[postgres:13]                      : Creating container for image: postgres:13
2020-11-06 12:53:20.328  INFO 2960 --- [    Test worker] docker[postgres:13]                      : Starting container with ID: 32e9785fefd2a76474afb3c656fafb1aca04c9a8e2076ffcd13d36408c20564d
2020-11-06 12:53:20.521  INFO 2960 --- [    Test worker] docker[postgres:13]                      : Container postgres:13 is starting: 32e9785fefd2a76474afb3c656fafb1aca04c9a8e2076ffcd13d36408c20564d
2020-11-06 12:53:21.883  INFO 2960 --- [    Test worker] docker[postgres:13]                      : Container postgres:13 started in PT19.4026426S
2020-11-06 12:53:22.052  INFO 2960 --- [    Test worker] com.zaxxer.hikari.HikariDataSource       : HikariPool-1 - Start completed.
2020-11-06 12:53:23.502  INFO 2960 --- [    Test worker] liquibase.executor.jvm.JdbcExecutor      : SELECT COUNT(*) FROM public.databasechangeloglock
2020-11-06 12:53:23.527  INFO 2960 --- [    Test worker] liquibase.executor.jvm.JdbcExecutor      : CREATE TABLE public.databasechangeloglock (ID INTEGER NOT NULL, LOCKED BOOLEAN NOT NULL, LOCKGRANTED TIMESTAMP WITHOUT TIME ZONE, LOCKEDBY VARCHAR(255), CONSTRAINT DATABASECHANGELOGLOCK_PKEY PRIMARY KEY (ID))
2020-11-06 12:53:23.533  INFO 2960 --- [    Test worker] liquibase.executor.jvm.JdbcExecutor      : SELECT COUNT(*) FROM public.databasechangeloglock
2020-11-06 12:53:23.537  INFO 2960 --- [    Test worker] liquibase.executor.jvm.JdbcExecutor      : DELETE FROM public.databasechangeloglock
2020-11-06 12:53:23.539  INFO 2960 --- [    Test worker] liquibase.executor.jvm.JdbcExecutor      : INSERT INTO public.databasechangeloglock (ID, LOCKED) VALUES (1, FALSE)
2020-11-06 12:53:23.542  INFO 2960 --- [    Test worker] liquibase.executor.jvm.JdbcExecutor      : SELECT LOCKED FROM public.databasechangeloglock WHERE ID=1
2020-11-06 12:53:23.551  INFO 2960 --- [    Test worker] l.lockservice.StandardLockService        : Successfully acquired change log lock
2020-11-06 12:53:24.986  INFO 2960 --- [    Test worker] l.c.StandardChangeLogHistoryService      : Creating database history table with name: public.databasechangelog
2020-11-06 12:53:24.988  INFO 2960 --- [    Test worker] liquibase.executor.jvm.JdbcExecutor      : CREATE TABLE public.databasechangelog (ID VARCHAR(255) NOT NULL, AUTHOR VARCHAR(255) NOT NULL, FILENAME VARCHAR(255) NOT NULL, DATEEXECUTED TIMESTAMP WITHOUT TIME ZONE NOT NULL, ORDEREXECUTED INTEGER NOT NULL, EXECTYPE VARCHAR(10) NOT NULL, MD5SUM VARCHAR(35), DESCRIPTION VARCHAR(255), COMMENTS VARCHAR(255), TAG VARCHAR(255), LIQUIBASE VARCHAR(20), CONTEXTS VARCHAR(255), LABELS VARCHAR(255), DEPLOYMENT_ID VARCHAR(10))
2020-11-06 12:53:24.993  INFO 2960 --- [    Test worker] liquibase.executor.jvm.JdbcExecutor      : SELECT COUNT(*) FROM public.databasechangelog
2020-11-06 12:53:24.995  INFO 2960 --- [    Test worker] l.c.StandardChangeLogHistoryService      : Reading from public.databasechangelog
2020-11-06 12:53:24.997  INFO 2960 --- [    Test worker] liquibase.executor.jvm.JdbcExecutor      : SELECT * FROM public.databasechangelog ORDER BY DATEEXECUTED ASC, ORDEREXECUTED ASC
2020-11-06 12:53:25.000  INFO 2960 --- [    Test worker] liquibase.executor.jvm.JdbcExecutor      : SELECT COUNT(*) FROM public.databasechangeloglock
2020-11-06 12:53:25.014  INFO 2960 --- [    Test worker] liquibase.executor.jvm.JdbcExecutor      : CREATE SEQUENCE hibernate_sequence;
CREATE TABLE test1(
    id BIGSERIAL NOT NULL PRIMARY KEY,
    name VARCHAR NOT NULL
)
2020-11-06 12:53:25.019  INFO 2960 --- [    Test worker] liquibase.changelog.ChangeSet            : SQL in file db.changelog/20201012_init.sql executed
2020-11-06 12:53:25.020  INFO 2960 --- [    Test worker] liquibase.changelog.ChangeSet            : ChangeSet classpath:db.changelog.yaml::20201012_init.sql::Paweł Janowiak ran successfully in 10ms
2020-11-06 12:53:25.021  INFO 2960 --- [    Test worker] liquibase.executor.jvm.JdbcExecutor      : SELECT MAX(ORDEREXECUTED) FROM public.databasechangelog
2020-11-06 12:53:25.025  INFO 2960 --- [    Test worker] liquibase.executor.jvm.JdbcExecutor      : INSERT INTO public.databasechangelog (ID, AUTHOR, FILENAME, DATEEXECUTED, ORDEREXECUTED, MD5SUM, DESCRIPTION, COMMENTS, EXECTYPE, CONTEXTS, LABELS, LIQUIBASE, DEPLOYMENT_ID) VALUES ('20201012_init.sql', 'Paweł Janowiak', 'classpath:db.changelog.yaml', NOW(), 1, '8:40f32ff87eb0096fbfd79f789bd2ce03', 'sqlFile', '', 'EXECUTED', NULL, NULL, '3.8.9', '4663605002')
2020-11-06 12:53:25.031  INFO 2960 --- [    Test worker] l.lockservice.StandardLockService        : Successfully released change log lock
2020-11-06 12:53:25.235  INFO 2960 --- [    Test worker] o.s.s.concurrent.ThreadPoolTaskExecutor  : Initializing ExecutorService 'applicationTaskExecutor'
2020-11-06 12:53:25.365  INFO 2960 --- [         task-1] o.hibernate.jpa.internal.util.LogHelper  : HHH000204: Processing PersistenceUnitInfo [name: default]
2020-11-06 12:53:25.490  INFO 2960 --- [         task-1] org.hibernate.Version                    : HHH000412: Hibernate ORM core version 5.4.20.Final
2020-11-06 12:53:25.535  WARN 2960 --- [    Test worker] JpaBaseConfiguration$JpaWebConfiguration : spring.jpa.open-in-view is enabled by default. Therefore, database queries may be performed during view rendering. Explicitly configure spring.jpa.open-in-view to disable this warning
2020-11-06 12:53:25.840  INFO 2960 --- [         task-1] o.hibernate.annotations.common.Version   : HCANN000001: Hibernate Commons Annotations {5.1.0.Final}
2020-11-06 12:53:26.130  INFO 2960 --- [         task-1] org.hibernate.dialect.Dialect            : HHH000400: Using dialect: org.hibernate.dialect.PostgreSQL10Dialect
2020-11-06 12:53:26.803  INFO 2960 --- [    Test worker] o.s.b.w.embedded.tomcat.TomcatWebServer  : Tomcat started on port(s): 50228 (http) with context path '/api'
2020-11-06 12:53:26.805  INFO 2960 --- [    Test worker] DeferredRepositoryInitializationListener : Triggering deferred initialization of Spring Data repositories…
2020-11-06 12:53:26.806  INFO 2960 --- [    Test worker] DeferredRepositoryInitializationListener : Spring Data repositories initialized!
2020-11-06 12:53:26.820  INFO 2960 --- [    Test worker] p.e.p.jaz.average.AverageControllerTest  : Started AverageControllerTest in 28.219 seconds (JVM running for 30.337)
2020-11-06 12:53:27.408  INFO 2960 --- [         task-1] o.h.e.t.j.p.i.JtaPlatformInitiator       : HHH000490: Using JtaPlatform implementation: [org.hibernate.engine.transaction.jta.platform.internal.NoJtaPlatform]
2020-11-06 12:53:27.431  INFO 2960 --- [         task-1] j.LocalContainerEntityManagerFactoryBean : Initialized JPA EntityManagerFactory for persistence unit 'default'
2020-11-06 12:53:28.328  INFO 2960 --- [o-auto-1-exec-1] o.a.c.c.C.[Tomcat].[localhost].[/api]    : Initializing Spring DispatcherServlet 'dispatcherServlet'
2020-11-06 12:53:28.328  INFO 2960 --- [o-auto-1-exec-1] o.s.web.servlet.DispatcherServlet        : Initializing Servlet 'dispatcherServlet'
2020-11-06 12:53:28.366  INFO 2960 --- [o-auto-1-exec-1] o.s.web.servlet.DispatcherServlet        : Completed initialization in 38 ms
]]></system-out>
  <system-err><![CDATA[]]></system-err>
</testsuite>
