<?xml version="1.0" encoding="UTF-8"?>
<testsuite name="pl.edu.pjwstk.jaz.average.AverageControllerIT" tests="4" skipped="0" failures="0" errors="0" timestamp="2020-11-06T10:54:41" hostname="DESKTOP-7T328TF" time="2.01">
  <properties/>
  <testcase name="should_calculate_simple_average_integer" classname="pl.edu.pjwstk.jaz.average.AverageControllerIT" time="1.892"/>
  <testcase name="should_show_no_arguments" classname="pl.edu.pjwstk.jaz.average.AverageControllerIT" time="0.042"/>
  <testcase name="should_correctly_calculate_rounding_numbers" classname="pl.edu.pjwstk.jaz.average.AverageControllerIT" time="0.034"/>
  <testcase name="should_calculate_simple_average" classname="pl.edu.pjwstk.jaz.average.AverageControllerIT" time="0.038"/>
  <system-out><![CDATA[11:54:10.275 [Test worker] DEBUG org.springframework.test.context.junit4.SpringJUnit4ClassRunner - SpringJUnit4ClassRunner constructor called with [class pl.edu.pjwstk.jaz.average.AverageControllerIT]
11:54:10.291 [Test worker] DEBUG org.springframework.test.context.BootstrapUtils - Instantiating CacheAwareContextLoaderDelegate from class [org.springframework.test.context.cache.DefaultCacheAwareContextLoaderDelegate]
11:54:10.310 [Test worker] DEBUG org.springframework.test.context.BootstrapUtils - Instantiating BootstrapContext using constructor [public org.springframework.test.context.support.DefaultBootstrapContext(java.lang.Class,org.springframework.test.context.CacheAwareContextLoaderDelegate)]
11:54:10.394 [Test worker] DEBUG org.springframework.test.context.BootstrapUtils - Instantiating TestContextBootstrapper for test class [pl.edu.pjwstk.jaz.average.AverageControllerIT] from class [org.springframework.boot.test.context.SpringBootTestContextBootstrapper]
11:54:10.428 [Test worker] INFO org.springframework.boot.test.context.SpringBootTestContextBootstrapper - Neither @ContextConfiguration nor @ContextHierarchy found for test class [pl.edu.pjwstk.jaz.average.AverageControllerIT], using SpringBootContextLoader
11:54:10.437 [Test worker] DEBUG org.springframework.test.context.support.AbstractContextLoader - Did not detect default resource location for test class [pl.edu.pjwstk.jaz.average.AverageControllerIT]: class path resource [pl/edu/pjwstk/jaz/average/AverageControllerIT-context.xml] does not exist
11:54:10.438 [Test worker] DEBUG org.springframework.test.context.support.AbstractContextLoader - Did not detect default resource location for test class [pl.edu.pjwstk.jaz.average.AverageControllerIT]: class path resource [pl/edu/pjwstk/jaz/average/AverageControllerITContext.groovy] does not exist
11:54:10.439 [Test worker] INFO org.springframework.test.context.support.AbstractContextLoader - Could not detect default resource locations for test class [pl.edu.pjwstk.jaz.average.AverageControllerIT]: no resource found for suffixes {-context.xml, Context.groovy}.
11:54:10.440 [Test worker] INFO org.springframework.test.context.support.AnnotationConfigContextLoaderUtils - Could not detect default configuration classes for test class [pl.edu.pjwstk.jaz.average.AverageControllerIT]: AverageControllerIT does not declare any static, non-private, non-final, nested classes annotated with @Configuration.
11:54:10.751 [Test worker] DEBUG org.springframework.context.annotation.ClassPathScanningCandidateComponentProvider - Identified candidate component class: file [C:\Users\Przemek\IdeaProjects\java-jaz\app\build\classes\java\main\pl\edu\pjwstk\jaz\App.class]
11:54:10.763 [Test worker] INFO org.springframework.boot.test.context.SpringBootTestContextBootstrapper - Found @SpringBootConfiguration pl.edu.pjwstk.jaz.App for test class pl.edu.pjwstk.jaz.average.AverageControllerIT
11:54:10.967 [Test worker] DEBUG org.springframework.boot.test.context.SpringBootTestContextBootstrapper - Merging default listeners with listeners configured via @TestExecutionListeners for class [pl.edu.pjwstk.jaz.average.AverageControllerIT].
11:54:10.967 [Test worker] INFO org.springframework.boot.test.context.SpringBootTestContextBootstrapper - Loaded default TestExecutionListener class names from location [META-INF/spring.factories]: [org.springframework.boot.test.autoconfigure.restdocs.RestDocsTestExecutionListener, org.springframework.boot.test.autoconfigure.web.client.MockRestServiceServerResetTestExecutionListener, org.springframework.boot.test.autoconfigure.web.servlet.MockMvcPrintOnlyOnFailureTestExecutionListener, org.springframework.boot.test.autoconfigure.web.servlet.WebDriverTestExecutionListener, org.springframework.boot.test.autoconfigure.webservices.client.MockWebServiceServerTestExecutionListener, org.springframework.boot.test.mock.mockito.MockitoTestExecutionListener, org.springframework.boot.test.mock.mockito.ResetMocksTestExecutionListener, org.springframework.test.context.web.ServletTestExecutionListener, org.springframework.test.context.support.DirtiesContextBeforeModesTestExecutionListener, org.springframework.test.context.support.DependencyInjectionTestExecutionListener, org.springframework.test.context.support.DirtiesContextTestExecutionListener, org.springframework.test.context.transaction.TransactionalTestExecutionListener, org.springframework.test.context.jdbc.SqlScriptsTestExecutionListener, org.springframework.test.context.event.EventPublishingTestExecutionListener]
11:54:11.002 [Test worker] INFO org.springframework.boot.test.context.SpringBootTestContextBootstrapper - Using TestExecutionListeners: [org.springframework.test.context.web.ServletTestExecutionListener@13324e31, org.springframework.test.context.support.DirtiesContextBeforeModesTestExecutionListener@762bc571, org.springframework.boot.test.mock.mockito.MockitoTestExecutionListener@463fd61c, org.springframework.boot.test.autoconfigure.SpringBootDependencyInjectionTestExecutionListener@72a1ea87, org.springframework.test.context.support.DirtiesContextTestExecutionListener@73637124, org.springframework.test.context.transaction.TransactionalTestExecutionListener@5bcb3274, org.springframework.test.context.jdbc.SqlScriptsTestExecutionListener@637c9027, org.springframework.test.context.event.EventPublishingTestExecutionListener@1e74ab1d, org.springframework.boot.test.autoconfigure.restdocs.RestDocsTestExecutionListener@76f613a6, org.springframework.boot.test.autoconfigure.web.client.MockRestServiceServerResetTestExecutionListener@742cd79e, org.springframework.boot.test.autoconfigure.web.servlet.MockMvcPrintOnlyOnFailureTestExecutionListener@73d69c94, org.springframework.boot.test.autoconfigure.web.servlet.WebDriverTestExecutionListener@4841edb0, org.springframework.boot.test.autoconfigure.webservices.client.MockWebServiceServerTestExecutionListener@eecac3d, org.springframework.boot.test.mock.mockito.ResetMocksTestExecutionListener@1cee0a59, pl.edu.pjwstk.jaz.RestAssurePortListener@5b9b076c, pl.edu.pjwstk.jaz.TestContextHolder@1cf04dc2]
11:54:11.007 [Test worker] DEBUG org.springframework.test.annotation.ProfileValueUtils - Retrieved @ProfileValueSourceConfiguration [null] for test class [pl.edu.pjwstk.jaz.average.AverageControllerIT]
11:54:11.009 [Test worker] DEBUG org.springframework.test.annotation.ProfileValueUtils - Retrieved ProfileValueSource type [class org.springframework.test.annotation.SystemProfileValueSource] for class [pl.edu.pjwstk.jaz.average.AverageControllerIT]
11:54:11.014 [Test worker] DEBUG org.springframework.test.annotation.ProfileValueUtils - Retrieved @ProfileValueSourceConfiguration [null] for test class [pl.edu.pjwstk.jaz.average.AverageControllerIT]
11:54:11.015 [Test worker] DEBUG org.springframework.test.annotation.ProfileValueUtils - Retrieved ProfileValueSource type [class org.springframework.test.annotation.SystemProfileValueSource] for class [pl.edu.pjwstk.jaz.average.AverageControllerIT]
11:54:11.016 [Test worker] DEBUG org.springframework.test.annotation.ProfileValueUtils - Retrieved @ProfileValueSourceConfiguration [null] for test class [pl.edu.pjwstk.jaz.average.AverageControllerIT]
11:54:11.016 [Test worker] DEBUG org.springframework.test.annotation.ProfileValueUtils - Retrieved ProfileValueSource type [class org.springframework.test.annotation.SystemProfileValueSource] for class [pl.edu.pjwstk.jaz.average.AverageControllerIT]
11:54:11.025 [Test worker] DEBUG org.springframework.test.context.support.AbstractDirtiesContextTestExecutionListener - Before test class: context [DefaultTestContext@757c2748 testClass = AverageControllerIT, testInstance = [null], testMethod = [null], testException = [null], mergedContextConfiguration = [WebMergedContextConfiguration@28199a80 testClass = AverageControllerIT, locations = '{}', classes = '{class pl.edu.pjwstk.jaz.App}', contextInitializerClasses = '[]', activeProfiles = '{test, noSecurity}', propertySourceLocations = '{}', propertySourceProperties = '{org.springframework.boot.test.context.SpringBootTestContextBootstrapper=true, server.port=0}', contextCustomizers = set[org.springframework.boot.test.autoconfigure.properties.PropertyMappingContextCustomizer@0, org.springframework.boot.test.autoconfigure.web.servlet.WebDriverContextCustomizerFactory$Customizer@6341c65b, org.springframework.boot.test.context.filter.ExcludeFilterContextCustomizer@2d28c0bd, org.springframework.boot.test.json.DuplicateJsonObjectContextCustomizerFactory$DuplicateJsonObjectContextCustomizer@2427a1dc, org.springframework.boot.test.mock.mockito.MockitoContextCustomizer@0, org.springframework.boot.test.web.client.TestRestTemplateContextCustomizer@a0622f8, org.springframework.boot.test.context.SpringBootTestArgs@1], resourceBasePath = 'src/main/webapp', contextLoader = 'org.springframework.boot.test.context.SpringBootContextLoader', parent = [null]], attributes = map['org.springframework.test.context.web.ServletTestExecutionListener.activateListener' -> false]], class annotated with @DirtiesContext [false] with mode [null].
11:54:11.061 [Test worker] DEBUG org.springframework.core.env.StandardEnvironment - Activating profiles [test, noSecurity]
11:54:11.070 [Test worker] DEBUG org.springframework.test.context.support.TestPropertySourceUtils - Adding inlined properties to environment: {spring.jmx.enabled=false, org.springframework.boot.test.context.SpringBootTestContextBootstrapper=true, server.port=0}

  .   ____          _            __ _ _
 /\\ / ___'_ __ _ _(_)_ __  __ _ \ \ \ \
( ( )\___ | '_ | '_| | '_ \/ _` | \ \ \ \
 \\/  ___)| |_)| | | | | || (_| |  ) ) ) )
  '  |____| .__|_| |_|_| |_\__, | / / / /
 =========|_|==============|___/=/_/_/_/
 :: Spring Boot ::        (v2.3.3.RELEASE)

2020-11-06 11:54:11.794  INFO 17444 --- [    Test worker] p.e.p.jaz.average.AverageControllerIT    : Starting AverageControllerIT on DESKTOP-7T328TF with PID 17444 (started by Przemek in C:\Users\Przemek\IdeaProjects\java-jaz\app)
2020-11-06 11:54:11.795  INFO 17444 --- [    Test worker] p.e.p.jaz.average.AverageControllerIT    : The following profiles are active: test,noSecurity
2020-11-06 11:54:13.178  INFO 17444 --- [    Test worker] .s.d.r.c.RepositoryConfigurationDelegate : Bootstrapping Spring Data JPA repositories in DEFERRED mode.
2020-11-06 11:54:13.221  INFO 17444 --- [    Test worker] .s.d.r.c.RepositoryConfigurationDelegate : Finished Spring Data repository scanning in 26ms. Found 0 JPA repository interfaces.
2020-11-06 11:54:14.364  INFO 17444 --- [    Test worker] o.s.b.w.embedded.tomcat.TomcatWebServer  : Tomcat initialized with port(s): 0 (http)
2020-11-06 11:54:14.389  INFO 17444 --- [    Test worker] o.apache.catalina.core.StandardService   : Starting service [Tomcat]
2020-11-06 11:54:14.389  INFO 17444 --- [    Test worker] org.apache.catalina.core.StandardEngine  : Starting Servlet engine: [Apache Tomcat/9.0.37]
2020-11-06 11:54:14.636  INFO 17444 --- [    Test worker] o.a.c.c.C.[Tomcat].[localhost].[/api]    : Initializing Spring embedded WebApplicationContext
2020-11-06 11:54:14.636  INFO 17444 --- [    Test worker] w.s.c.ServletWebServerApplicationContext : Root WebApplicationContext: initialization completed in 2462 ms
2020-11-06 11:54:15.012  INFO 17444 --- [    Test worker] com.zaxxer.hikari.HikariDataSource       : HikariPool-1 - Starting...
2020-11-06 11:54:31.313  INFO 17444 --- [    Test worker] .t.d.DockerMachineClientProviderStrategy : Found docker-machine, and will use machine named default
2020-11-06 11:54:31.892  INFO 17444 --- [    Test worker] .t.d.DockerMachineClientProviderStrategy : Docker daemon IP address for docker machine default is 192.168.99.101
2020-11-06 11:54:32.447  INFO 17444 --- [    Test worker] o.t.d.DockerClientProviderStrategy       : Found Docker environment with docker-machine
2020-11-06 11:54:32.703  INFO 17444 --- [    Test worker] org.testcontainers.DockerClientFactory   : Docker host IP address is 192.168.99.101
2020-11-06 11:54:32.742  INFO 17444 --- [    Test worker] org.testcontainers.DockerClientFactory   : Connected to docker: 
  Server Version: 19.03.12
  API Version: 1.40
  Operating System: Boot2Docker 19.03.12 (TCL 10.1)
  Total Memory: 985 MB
2020-11-06 11:54:32.783  WARN 17444 --- [    Test worker] o.t.utility.RegistryAuthLocator          : Failure when attempting to lookup auth config (dockerImageName: testcontainersofficial/ryuk:0.3.0, configFile: C:\Users\Przemek\.docker\config.json. Falling back to docker-java default behaviour. Exception message: C:\Users\Przemek\.docker\config.json (Nie można odnaleźć określonego pliku)
2020-11-06 11:54:33.377  INFO 17444 --- [    Test worker] org.testcontainers.DockerClientFactory   : Ryuk started - will monitor and terminate Testcontainers containers on JVM exit
2020-11-06 11:54:33.377  INFO 17444 --- [    Test worker] org.testcontainers.DockerClientFactory   : Checking the system...
2020-11-06 11:54:33.378  INFO 17444 --- [    Test worker] org.testcontainers.DockerClientFactory   : ?? Docker server version should be at least 1.6.0
2020-11-06 11:54:33.479  INFO 17444 --- [    Test worker] org.testcontainers.DockerClientFactory   : ?? Docker environment should have more than 2GB free disk space
2020-11-06 11:54:33.550  INFO 17444 --- [    Test worker] docker[postgres:13]                      : Creating container for image: postgres:13
2020-11-06 11:54:33.585  INFO 17444 --- [    Test worker] docker[postgres:13]                      : Starting container with ID: 9d3c4fb0918693e571349f12efefe0d7663199965c4e142d173962a15012292d
2020-11-06 11:54:33.790  INFO 17444 --- [    Test worker] docker[postgres:13]                      : Container postgres:13 is starting: 9d3c4fb0918693e571349f12efefe0d7663199965c4e142d173962a15012292d
2020-11-06 11:54:35.154  INFO 17444 --- [    Test worker] docker[postgres:13]                      : Container postgres:13 started in PT19.9766205S
2020-11-06 11:54:35.331  INFO 17444 --- [    Test worker] com.zaxxer.hikari.HikariDataSource       : HikariPool-1 - Start completed.
2020-11-06 11:54:36.886  INFO 17444 --- [    Test worker] liquibase.executor.jvm.JdbcExecutor      : SELECT COUNT(*) FROM public.databasechangeloglock
2020-11-06 11:54:36.911  INFO 17444 --- [    Test worker] liquibase.executor.jvm.JdbcExecutor      : CREATE TABLE public.databasechangeloglock (ID INTEGER NOT NULL, LOCKED BOOLEAN NOT NULL, LOCKGRANTED TIMESTAMP WITHOUT TIME ZONE, LOCKEDBY VARCHAR(255), CONSTRAINT DATABASECHANGELOGLOCK_PKEY PRIMARY KEY (ID))
2020-11-06 11:54:36.917  INFO 17444 --- [    Test worker] liquibase.executor.jvm.JdbcExecutor      : SELECT COUNT(*) FROM public.databasechangeloglock
2020-11-06 11:54:36.921  INFO 17444 --- [    Test worker] liquibase.executor.jvm.JdbcExecutor      : DELETE FROM public.databasechangeloglock
2020-11-06 11:54:36.922  INFO 17444 --- [    Test worker] liquibase.executor.jvm.JdbcExecutor      : INSERT INTO public.databasechangeloglock (ID, LOCKED) VALUES (1, FALSE)
2020-11-06 11:54:36.927  INFO 17444 --- [    Test worker] liquibase.executor.jvm.JdbcExecutor      : SELECT LOCKED FROM public.databasechangeloglock WHERE ID=1
2020-11-06 11:54:36.937  INFO 17444 --- [    Test worker] l.lockservice.StandardLockService        : Successfully acquired change log lock
2020-11-06 11:54:38.582  INFO 17444 --- [    Test worker] l.c.StandardChangeLogHistoryService      : Creating database history table with name: public.databasechangelog
2020-11-06 11:54:38.584  INFO 17444 --- [    Test worker] liquibase.executor.jvm.JdbcExecutor      : CREATE TABLE public.databasechangelog (ID VARCHAR(255) NOT NULL, AUTHOR VARCHAR(255) NOT NULL, FILENAME VARCHAR(255) NOT NULL, DATEEXECUTED TIMESTAMP WITHOUT TIME ZONE NOT NULL, ORDEREXECUTED INTEGER NOT NULL, EXECTYPE VARCHAR(10) NOT NULL, MD5SUM VARCHAR(35), DESCRIPTION VARCHAR(255), COMMENTS VARCHAR(255), TAG VARCHAR(255), LIQUIBASE VARCHAR(20), CONTEXTS VARCHAR(255), LABELS VARCHAR(255), DEPLOYMENT_ID VARCHAR(10))
2020-11-06 11:54:38.590  INFO 17444 --- [    Test worker] liquibase.executor.jvm.JdbcExecutor      : SELECT COUNT(*) FROM public.databasechangelog
2020-11-06 11:54:38.591  INFO 17444 --- [    Test worker] l.c.StandardChangeLogHistoryService      : Reading from public.databasechangelog
2020-11-06 11:54:38.593  INFO 17444 --- [    Test worker] liquibase.executor.jvm.JdbcExecutor      : SELECT * FROM public.databasechangelog ORDER BY DATEEXECUTED ASC, ORDEREXECUTED ASC
2020-11-06 11:54:38.601  INFO 17444 --- [    Test worker] liquibase.executor.jvm.JdbcExecutor      : SELECT COUNT(*) FROM public.databasechangeloglock
2020-11-06 11:54:38.619  INFO 17444 --- [    Test worker] liquibase.executor.jvm.JdbcExecutor      : CREATE SEQUENCE hibernate_sequence;
CREATE TABLE test1(
    id BIGSERIAL NOT NULL PRIMARY KEY,
    name VARCHAR NOT NULL
)
2020-11-06 11:54:38.633  INFO 17444 --- [    Test worker] liquibase.changelog.ChangeSet            : SQL in file db.changelog/20201012_init.sql executed
2020-11-06 11:54:38.634  INFO 17444 --- [    Test worker] liquibase.changelog.ChangeSet            : ChangeSet classpath:db.changelog.yaml::20201012_init.sql::Paweł Janowiak ran successfully in 19ms
2020-11-06 11:54:38.635  INFO 17444 --- [    Test worker] liquibase.executor.jvm.JdbcExecutor      : SELECT MAX(ORDEREXECUTED) FROM public.databasechangelog
2020-11-06 11:54:38.638  INFO 17444 --- [    Test worker] liquibase.executor.jvm.JdbcExecutor      : INSERT INTO public.databasechangelog (ID, AUTHOR, FILENAME, DATEEXECUTED, ORDEREXECUTED, MD5SUM, DESCRIPTION, COMMENTS, EXECTYPE, CONTEXTS, LABELS, LIQUIBASE, DEPLOYMENT_ID) VALUES ('20201012_init.sql', 'Paweł Janowiak', 'classpath:db.changelog.yaml', NOW(), 1, '8:40f32ff87eb0096fbfd79f789bd2ce03', 'sqlFile', '', 'EXECUTED', NULL, NULL, '3.8.9', '4660078603')
2020-11-06 11:54:38.647  INFO 17444 --- [    Test worker] l.lockservice.StandardLockService        : Successfully released change log lock
2020-11-06 11:54:38.879  INFO 17444 --- [    Test worker] o.s.s.concurrent.ThreadPoolTaskExecutor  : Initializing ExecutorService 'applicationTaskExecutor'
2020-11-06 11:54:39.023  INFO 17444 --- [         task-1] o.hibernate.jpa.internal.util.LogHelper  : HHH000204: Processing PersistenceUnitInfo [name: default]
2020-11-06 11:54:39.162  INFO 17444 --- [         task-1] org.hibernate.Version                    : HHH000412: Hibernate ORM core version 5.4.20.Final
2020-11-06 11:54:39.220  WARN 17444 --- [    Test worker] JpaBaseConfiguration$JpaWebConfiguration : spring.jpa.open-in-view is enabled by default. Therefore, database queries may be performed during view rendering. Explicitly configure spring.jpa.open-in-view to disable this warning
2020-11-06 11:54:39.573  INFO 17444 --- [         task-1] o.hibernate.annotations.common.Version   : HCANN000001: Hibernate Commons Annotations {5.1.0.Final}
2020-11-06 11:54:39.946  INFO 17444 --- [         task-1] org.hibernate.dialect.Dialect            : HHH000400: Using dialect: org.hibernate.dialect.PostgreSQL10Dialect
2020-11-06 11:54:40.719  INFO 17444 --- [    Test worker] o.s.b.w.embedded.tomcat.TomcatWebServer  : Tomcat started on port(s): 49612 (http) with context path '/api'
2020-11-06 11:54:40.721  INFO 17444 --- [    Test worker] DeferredRepositoryInitializationListener : Triggering deferred initialization of Spring Data repositories…
2020-11-06 11:54:40.722  INFO 17444 --- [    Test worker] DeferredRepositoryInitializationListener : Spring Data repositories initialized!
2020-11-06 11:54:40.740  INFO 17444 --- [    Test worker] p.e.p.jaz.average.AverageControllerIT    : Started AverageControllerIT in 29.666 seconds (JVM running for 31.936)
2020-11-06 11:54:41.467  INFO 17444 --- [         task-1] o.h.e.t.j.p.i.JtaPlatformInitiator       : HHH000490: Using JtaPlatform implementation: [org.hibernate.engine.transaction.jta.platform.internal.NoJtaPlatform]
2020-11-06 11:54:41.488  INFO 17444 --- [         task-1] j.LocalContainerEntityManagerFactoryBean : Initialized JPA EntityManagerFactory for persistence unit 'default'
2020-11-06 11:54:42.467  INFO 17444 --- [o-auto-1-exec-1] o.a.c.c.C.[Tomcat].[localhost].[/api]    : Initializing Spring DispatcherServlet 'dispatcherServlet'
2020-11-06 11:54:42.468  INFO 17444 --- [o-auto-1-exec-1] o.s.web.servlet.DispatcherServlet        : Initializing Servlet 'dispatcherServlet'
2020-11-06 11:54:42.505  INFO 17444 --- [o-auto-1-exec-1] o.s.web.servlet.DispatcherServlet        : Completed initialization in 37 ms
]]></system-out>
  <system-err><![CDATA[]]></system-err>
</testsuite>
